#
# A fatal error has been detected by the Java Runtime Environment:
#
#  EXCEPTION_ACCESS_VIOLATION (0xc0000005) at pc=0x0000000051a072e4, pid=5308, tid=0x0000000000001ae0
#
# JRE version: Java(TM) SE Runtime Environment (8.0_221-b11) (build 1.8.0_221-b11)
# Java VM: Java HotSpot(TM) 64-Bit Server VM (25.221-b11 mixed mode windows-amd64 compressed oops)
# Problematic frame:
# V  [jvm.dll+0xf72e4]
#
# Failed to write core dump. Minidumps are not enabled by default on client versions of Windows
#
# If you would like to submit a bug report, please visit:
#   http://bugreport.java.com/bugreport/crash.jsp
#

---------------  T H R E A D  ---------------

Current thread (0x0000000017ff8000):  VMThread [stack: 0x0000000019090000,0x0000000019190000] [id=6880]

siginfo: ExceptionCode=0xc0000005, reading address 0x000000001e4a0f20

Registers:
RAX=0x0000000000194040, RBX=0x0000000017b2a228, RCX=0x000000001e30ced0, RDX=0x000000000000ca02
RSP=0x000000001918ef98, RBP=0x000000000000005c, RSI=0x000000001918f280, RDI=0x000000001918f280
R8 =0x0000000000000000, R9 =0x0000000017b2a228, R10=0x000000000000ca02, R11=0x0000000017b2b00c
R12=0x0000000000000001, R13=0x0000000000000001, R14=0x00000000000003d8, R15=0x000000001918f0a0
RIP=0x0000000051a072e4, EFLAGS=0x0000000000010202

Top of Stack: (sp=0x000000001918ef98)
0x000000001918ef98:   0000000051a0f35c 000000001918f280
0x000000001918efa8:   00000000035108da 0000000000000024
0x000000001918efb8:   0000000051a100c9 0000000017f05528
0x000000001918efc8:   0000000051a0e542 000000001918f280
0x000000001918efd8:   000000001918f040 00005e6c2dd450db
0x000000001918efe8:   0000000051a0f972 000000001918f0b0
0x000000001918eff8:   0000000000000001 000000001918f0c0
0x000000001918f008:   000000001918f280 000000001918f0f0
0x000000001918f018:   0000000051a125a0 000000000000005c
0x000000001918f028:   000000000000005c 0000000000000064
0x000000001918f038:   0000000051a0f7f6 000000000000005c
0x000000001918f048:   000000001918f0f0 000000001918f0b0
0x000000001918f058:   0000000000000064 0000000017b2b0a0
0x000000001918f068:   0000000051a130ff 000000001918f280
0x000000001918f078:   000000001918f0f0 0000000017f054d8
0x000000001918f088:   0000000017b2b0a0 0000000000000004 

Instructions: (pc=0x0000000051a072e4)
0x0000000051a072c4:   18 f7 d2 48 63 c2 48 c1 e0 05 48 8b 44 08 10 0f
0x0000000051a072d4:   b7 c0 41 0f b7 44 c1 52 c3 48 63 c2 48 c1 e0 05
0x0000000051a072e4:   48 8b 44 08 10 0f b7 d0 48 63 c2 41 0f b7 44 c1
0x0000000051a072f4:   52 c3 49 8b 41 08 48 63 ca 0f b6 44 08 04 3c 12 


Register to memory mapping:

RAX=0x0000000000194040 is an unknown value
RBX=0x0000000017b2a228 is pointing into metadata
RCX=0x000000001e30ced0 is pointing into metadata
RDX=0x000000000000ca02 is an unknown value
RSP=0x000000001918ef98 is an unknown value
RBP=0x000000000000005c is an unknown value
RSI=0x000000001918f280 is an unknown value
RDI=0x000000001918f280 is an unknown value
R8 =0x0000000000000000 is an unknown value
R9 =0x0000000017b2a228 is pointing into metadata
R10=0x000000000000ca02 is an unknown value
R11=0x0000000017b2b00c is pointing into metadata
R12=0x0000000000000001 is an unknown value
R13=0x0000000000000001 is an unknown value
R14=0x00000000000003d8 is an unknown value
R15=0x000000001918f0a0 is an unknown value


Stack: [0x0000000019090000,0x0000000019190000],  sp=0x000000001918ef98,  free space=1019k
Native frames: (J=compiled Java code, j=interpreted, Vv=VM code, C=native code)
V  [jvm.dll+0xf72e4]

VM_Operation (0x0000000019abf130): GetOrSetLocal, mode: safepoint, requested by thread 0x0000000018049000


---------------  P R O C E S S  ---------------

Java Threads: ( => current thread )
  0x000000001af2d800 JavaThread "ReaderThread" [_thread_in_native, id=340, stack(0x000000001bd90000,0x000000001be90000)]
  0x000000001a6f9000 JavaThread "Service Thread" daemon [_thread_blocked, id=5720, stack(0x000000001abc0000,0x000000001acc0000)]
  0x000000001a686000 JavaThread "C1 CompilerThread2" daemon [_thread_blocked, id=1428, stack(0x000000001aac0000,0x000000001abc0000)]
  0x000000001a681000 JavaThread "C2 CompilerThread1" daemon [_thread_blocked, id=5436, stack(0x000000001a9c0000,0x000000001aac0000)]
  0x000000001a66c000 JavaThread "C2 CompilerThread0" daemon [_thread_blocked, id=5684, stack(0x000000001a8c0000,0x000000001a9c0000)]
  0x0000000018058000 JavaThread "JDWP Command Reader" daemon [_thread_in_native, id=2820, stack(0x0000000019bc0000,0x0000000019cc0000)]
  0x0000000018056800 JavaThread "JDWP Event Helper Thread" daemon [_thread_blocked, id=3176, stack(0x0000000019ac0000,0x0000000019bc0000)]
  0x0000000018049000 JavaThread "JDWP Transport Listener: dt_socket" daemon [_thread_blocked, id=4936, stack(0x00000000199c0000,0x0000000019ac0000)]
  0x000000001803b800 JavaThread "Attach Listener" daemon [_thread_blocked, id=3376, stack(0x0000000019580000,0x0000000019680000)]
  0x000000001803a800 JavaThread "Signal Dispatcher" daemon [_thread_blocked, id=5108, stack(0x0000000019480000,0x0000000019580000)]
  0x0000000018020800 JavaThread "Finalizer" daemon [_thread_blocked, id=1348, stack(0x0000000019290000,0x0000000019390000)]
  0x000000000340c000 JavaThread "Reference Handler" daemon [_thread_blocked, id=408, stack(0x0000000019190000,0x0000000019290000)]
  0x000000000331d800 JavaThread "main" [_thread_blocked, id=5992, stack(0x0000000003210000,0x0000000003310000)]

Other Threads:
=>0x0000000017ff8000 VMThread [stack: 0x0000000019090000,0x0000000019190000] [id=6880]
  0x000000001a781000 WatcherThread [stack: 0x000000001acc0000,0x000000001adc0000] [id=5332]

VM state:at safepoint (normal execution)

VM Mutex/Monitor currently owned by a thread:  ([mutex/lock_event])
[0x0000000003312ed0] Threads_lock - owner thread: 0x0000000017ff8000

heap address: 0x0000000081e00000, size: 2018 MB, Compressed Oops mode: 32-bit
Narrow klass base: 0x0000000000000000, Narrow klass shift: 3
Compressed class space size: 1073741824 Address: 0x0000000100000000

Heap:
 PSYoungGen      total 115200K, used 39229K [0x00000000d5f80000, 0x00000000de980000, 0x0000000100000000)
  eden space 112128K, 32% used [0x00000000d5f80000,0x00000000d8331618,0x00000000dcd00000)
  from space 3072K, 87% used [0x00000000de680000,0x00000000de91e078,0x00000000de980000)
  to   space 6656K, 0% used [0x00000000ddc80000,0x00000000ddc80000,0x00000000de300000)
 ParOldGen       total 50176K, used 6118K [0x0000000081e00000, 0x0000000084f00000, 0x00000000d5f80000)
  object space 50176K, 12% used [0x0000000081e00000,0x00000000823f9b38,0x0000000084f00000)
 Metaspace       used 24360K, capacity 24678K, committed 24832K, reserved 1071104K
  class space    used 2876K, capacity 3007K, committed 3072K, reserved 1048576K

Card table byte_map: [0x00000000128d0000,0x0000000012cd0000] byte_map_base: 0x00000000124c1000

Marking Bits: (ParMarkBitMap*) 0x0000000052135ce0
 Begin Bits: [0x0000000013380000, 0x0000000015308000)
 End Bits:   [0x0000000015308000, 0x0000000017290000)

Polling page: 0x0000000001470000

CodeCache: size=245760Kb used=11532Kb max_used=11532Kb free=234227Kb
 bounds [0x0000000003510000, 0x0000000004060000, 0x0000000012510000]
 total_blobs=2726 nmethods=2084 adapters=562
 compilation: enabled

Compilation events (10 events):
Event: 22.318 Thread 0x000000001a686000 2122       3       groovyjarjarasm.asm.SymbolTable::addConstantUtf8Reference (101 bytes)
Event: 22.319 Thread 0x000000001a686000 nmethod 2122 0x0000000004049b10 code [0x0000000004049d00, 0x000000000404a5d8]
Event: 22.319 Thread 0x000000001a686000 2121       3       groovyjarjarasm.asm.SymbolTable::addConstantClass (8 bytes)
Event: 22.320 Thread 0x000000001a686000 nmethod 2121 0x0000000004025a90 code [0x0000000004025c00, 0x0000000004025da8]
Event: 22.335 Thread 0x000000001a686000 2123       3       java.util.ArrayList::<init> (67 bytes)
Event: 22.336 Thread 0x000000001a686000 nmethod 2123 0x0000000004049250 code [0x0000000004049400, 0x0000000004049938]
Event: 22.340 Thread 0x000000001a686000 2124       3       groovyjarjarasm.asm.ByteVector::put122 (93 bytes)
Event: 22.340 Thread 0x000000001a686000 nmethod 2124 0x0000000004048c10 code [0x0000000004048d80, 0x0000000004049048]
Event: 22.340 Thread 0x000000001a686000 2125       3       groovyjarjarasm.asm.Type::getArgumentsAndReturnSizes (132 bytes)
Event: 22.342 Thread 0x000000001a686000 nmethod 2125 0x0000000004057a10 code [0x0000000004057c80, 0x0000000004058cf8]

GC Heap History (10 events):
Event: 14.670 GC heap before
{Heap before GC invocations=5 (full 0):
 PSYoungGen      total 38400K, used 38026K [0x00000000d5f80000, 0x00000000daa80000, 0x0000000100000000)
  eden space 33280K, 100% used [0x00000000d5f80000,0x00000000d8000000,0x00000000d8000000)
  from space 5120K, 92% used [0x00000000d8500000,0x00000000d89a2838,0x00000000d8a00000)
  to   space 5120K, 0% used [0x00000000d8000000,0x00000000d8000000,0x00000000d8500000)
 ParOldGen       total 87552K, used 32K [0x0000000081e00000, 0x0000000087380000, 0x00000000d5f80000)
  object space 87552K, 0% used [0x0000000081e00000,0x0000000081e08000,0x0000000087380000)
 Metaspace       used 15888K, capacity 16088K, committed 16384K, reserved 1062912K
  class space    used 1952K, capacity 2036K, committed 2048K, reserved 1048576K
Event: 14.700 GC heap after
Heap after GC invocations=5 (full 0):
 PSYoungGen      total 38400K, used 5018K [0x00000000d5f80000, 0x00000000dab80000, 0x0000000100000000)
  eden space 33280K, 0% used [0x00000000d5f80000,0x00000000d5f80000,0x00000000d8000000)
  from space 5120K, 98% used [0x00000000d8000000,0x00000000d84e6b68,0x00000000d8500000)
  to   space 5632K, 0% used [0x00000000da600000,0x00000000da600000,0x00000000dab80000)
 ParOldGen       total 87552K, used 40K [0x0000000081e00000, 0x0000000087380000, 0x00000000d5f80000)
  object space 87552K, 0% used [0x0000000081e00000,0x0000000081e0a000,0x0000000087380000)
 Metaspace       used 15888K, capacity 16088K, committed 16384K, reserved 1062912K
  class space    used 1952K, capacity 2036K, committed 2048K, reserved 1048576K
}
Event: 17.355 GC heap before
{Heap before GC invocations=6 (full 0):
 PSYoungGen      total 38400K, used 38298K [0x00000000d5f80000, 0x00000000dab80000, 0x0000000100000000)
  eden space 33280K, 100% used [0x00000000d5f80000,0x00000000d8000000,0x00000000d8000000)
  from space 5120K, 98% used [0x00000000d8000000,0x00000000d84e6b68,0x00000000d8500000)
  to   space 5632K, 0% used [0x00000000da600000,0x00000000da600000,0x00000000dab80000)
 ParOldGen       total 87552K, used 40K [0x0000000081e00000, 0x0000000087380000, 0x00000000d5f80000)
  object space 87552K, 0% used [0x0000000081e00000,0x0000000081e0a000,0x0000000087380000)
 Metaspace       used 19208K, capacity 19470K, committed 19712K, reserved 1067008K
  class space    used 2353K, capacity 2463K, committed 2560K, reserved 1048576K
Event: 17.455 GC heap after
Heap after GC invocations=6 (full 0):
 PSYoungGen      total 71680K, used 5615K [0x00000000d5f80000, 0x00000000dac80000, 0x0000000100000000)
  eden space 66048K, 0% used [0x00000000d5f80000,0x00000000d5f80000,0x00000000da000000)
  from space 5632K, 99% used [0x00000000da600000,0x00000000dab7bd60,0x00000000dab80000)
  to   space 6144K, 0% used [0x00000000da000000,0x00000000da000000,0x00000000da600000)
 ParOldGen       total 87552K, used 240K [0x0000000081e00000, 0x0000000087380000, 0x00000000d5f80000)
  object space 87552K, 0% used [0x0000000081e00000,0x0000000081e3c148,0x0000000087380000)
 Metaspace       used 19208K, capacity 19470K, committed 19712K, reserved 1067008K
  class space    used 2353K, capacity 2463K, committed 2560K, reserved 1048576K
}
Event: 19.356 GC heap before
{Heap before GC invocations=7 (full 0):
 PSYoungGen      total 71680K, used 39518K [0x00000000d5f80000, 0x00000000dac80000, 0x0000000100000000)
  eden space 66048K, 51% used [0x00000000d5f80000,0x00000000d809baa0,0x00000000da000000)
  from space 5632K, 99% used [0x00000000da600000,0x00000000dab7bd60,0x00000000dab80000)
  to   space 6144K, 0% used [0x00000000da000000,0x00000000da000000,0x00000000da600000)
 ParOldGen       total 87552K, used 240K [0x0000000081e00000, 0x0000000087380000, 0x00000000d5f80000)
  object space 87552K, 0% used [0x0000000081e00000,0x0000000081e3c148,0x0000000087380000)
 Metaspace       used 20768K, capacity 21006K, committed 21296K, reserved 1069056K
  class space    used 2502K, capacity 2591K, committed 2688K, reserved 1048576K
Event: 19.450 GC heap after
Heap after GC invocations=7 (full 0):
 PSYoungGen      total 72192K, used 4117K [0x00000000d5f80000, 0x00000000dec80000, 0x0000000100000000)
  eden space 66048K, 0% used [0x00000000d5f80000,0x00000000d5f80000,0x00000000da000000)
  from space 6144K, 67% used [0x00000000da000000,0x00000000da4055a0,0x00000000da600000)
  to   space 6144K, 0% used [0x00000000de680000,0x00000000de680000,0x00000000dec80000)
 ParOldGen       total 87552K, used 2360K [0x0000000081e00000, 0x0000000087380000, 0x00000000d5f80000)
  object space 87552K, 2% used [0x0000000081e00000,0x000000008204e2e8,0x0000000087380000)
 Metaspace       used 20768K, capacity 21006K, committed 21296K, reserved 1069056K
  class space    used 2502K, capacity 2591K, committed 2688K, reserved 1048576K
}
Event: 19.450 GC heap before
{Heap before GC invocations=8 (full 1):
 PSYoungGen      total 72192K, used 4117K [0x00000000d5f80000, 0x00000000dec80000, 0x0000000100000000)
  eden space 66048K, 0% used [0x00000000d5f80000,0x00000000d5f80000,0x00000000da000000)
  from space 6144K, 67% used [0x00000000da000000,0x00000000da4055a0,0x00000000da600000)
  to   space 6144K, 0% used [0x00000000de680000,0x00000000de680000,0x00000000dec80000)
 ParOldGen       total 87552K, used 2360K [0x0000000081e00000, 0x0000000087380000, 0x00000000d5f80000)
  object space 87552K, 2% used [0x0000000081e00000,0x000000008204e2e8,0x0000000087380000)
 Metaspace       used 20768K, capacity 21006K, committed 21296K, reserved 1069056K
  class space    used 2502K, capacity 2591K, committed 2688K, reserved 1048576K
Event: 19.626 GC heap after
Heap after GC invocations=8 (full 1):
 PSYoungGen      total 72192K, used 0K [0x00000000d5f80000, 0x00000000dec80000, 0x0000000100000000)
  eden space 66048K, 0% used [0x00000000d5f80000,0x00000000d5f80000,0x00000000da000000)
  from space 6144K, 0% used [0x00000000da000000,0x00000000da000000,0x00000000da600000)
  to   space 6144K, 0% used [0x00000000de680000,0x00000000de680000,0x00000000dec80000)
 ParOldGen       total 50176K, used 6118K [0x0000000081e00000, 0x0000000084f00000, 0x00000000d5f80000)
  object space 50176K, 12% used [0x0000000081e00000,0x00000000823f9b38,0x0000000084f00000)
 Metaspace       used 20768K, capacity 21006K, committed 21296K, reserved 1069056K
  class space    used 2502K, capacity 2591K, committed 2688K, reserved 1048576K
}
Event: 21.324 GC heap before
{Heap before GC invocations=9 (full 1):
 PSYoungGen      total 72192K, used 66048K [0x00000000d5f80000, 0x00000000dec80000, 0x0000000100000000)
  eden space 66048K, 100% used [0x00000000d5f80000,0x00000000da000000,0x00000000da000000)
  from space 6144K, 0% used [0x00000000da000000,0x00000000da000000,0x00000000da600000)
  to   space 6144K, 0% used [0x00000000de680000,0x00000000de680000,0x00000000dec80000)
 ParOldGen       total 50176K, used 6118K [0x0000000081e00000, 0x0000000084f00000, 0x00000000d5f80000)
  object space 50176K, 12% used [0x0000000081e00000,0x00000000823f9b38,0x0000000084f00000)
 Metaspace       used 23546K, capacity 23776K, committed 24192K, reserved 1071104K
  class space    used 2783K, capacity 2853K, committed 2944K, reserved 1048576K
Event: 21.336 GC heap after
Heap after GC invocations=9 (full 1):
 PSYoungGen      total 115200K, used 2680K [0x00000000d5f80000, 0x00000000de980000, 0x0000000100000000)
  eden space 112128K, 0% used [0x00000000d5f80000,0x00000000d5f80000,0x00000000dcd00000)
  from space 3072K, 87% used [0x00000000de680000,0x00000000de91e078,0x00000000de980000)
  to   space 6656K, 0% used [0x00000000ddc80000,0x00000000ddc80000,0x00000000de300000)
 ParOldGen       total 50176K, used 6118K [0x0000000081e00000, 0x0000000084f00000, 0x00000000d5f80000)
  object space 50176K, 12% used [0x0000000081e00000,0x00000000823f9b38,0x0000000084f00000)
 Metaspace       used 23546K, capacity 23776K, committed 24192K, reserved 1071104K
  class space    used 2783K, capacity 2853K, committed 2944K, reserved 1048576K
}

Deoptimization events (10 events):
Event: 22.267 Thread 0x000000000331d800 Uncommon trap: reason=bimorphic action=maybe_recompile pc=0x0000000004037b20 method=org.codehaus.groovy.runtime.metaclass.MetaMethodIndex.addMethodToList(Ljava/lang/Object;Lgroovy/lang/MetaMethod;)Ljava/lang/Object; @ 283
Event: 22.267 Thread 0x000000000331d800 Uncommon trap: reason=bimorphic action=maybe_recompile pc=0x0000000004037b20 method=org.codehaus.groovy.runtime.metaclass.MetaMethodIndex.addMethodToList(Ljava/lang/Object;Lgroovy/lang/MetaMethod;)Ljava/lang/Object; @ 283
Event: 22.267 Thread 0x000000000331d800 Uncommon trap: reason=bimorphic action=maybe_recompile pc=0x0000000004037b20 method=org.codehaus.groovy.runtime.metaclass.MetaMethodIndex.addMethodToList(Ljava/lang/Object;Lgroovy/lang/MetaMethod;)Ljava/lang/Object; @ 283
Event: 22.283 Thread 0x000000000331d800 Uncommon trap: reason=range_check action=none pc=0x00000000038bc89c method=sun.reflect.generics.parser.SignatureParser.current()C @ 34
Event: 22.283 Thread 0x000000000331d800 Uncommon trap: reason=range_check action=none pc=0x00000000038bc89c method=sun.reflect.generics.parser.SignatureParser.current()C @ 34
Event: 22.283 Thread 0x000000000331d800 Uncommon trap: reason=range_check action=none pc=0x00000000038bc89c method=sun.reflect.generics.parser.SignatureParser.current()C @ 34
Event: 22.283 Thread 0x000000000331d800 Uncommon trap: reason=range_check action=none pc=0x00000000038bc89c method=sun.reflect.generics.parser.SignatureParser.current()C @ 34
Event: 22.283 Thread 0x000000000331d800 Uncommon trap: reason=range_check action=none pc=0x00000000038bc89c method=sun.reflect.generics.parser.SignatureParser.current()C @ 34
Event: 22.283 Thread 0x000000000331d800 Uncommon trap: reason=range_check action=none pc=0x00000000038bc89c method=sun.reflect.generics.parser.SignatureParser.current()C @ 34
Event: 22.283 Thread 0x000000000331d800 Uncommon trap: reason=range_check action=none pc=0x00000000038bc89c method=sun.reflect.generics.parser.SignatureParser.current()C @ 34

Classes redefined (2 events):
Event: 577.320 Thread 0x0000000017ff8000 redefined class name=DataVisualizer.VerifyDVAPIs, count=1
Event: 662.587 Thread 0x0000000017ff8000 redefined class name=DataVisualizer.VerifyDVAPIs, count=2

Internal exceptions (10 events):
Event: 22.283 Thread 0x000000000331d800 Exception <a 'java/lang/ArrayIndexOutOfBoundsException': 86> (0x00000000d7dc8d68) thrown at [C:\re\workspace\8-2-build-windows-amd64-cygwin\jdk8u221\13320\hotspot\src\share\vm\interpreter\interpreterRuntime.cpp, line 368]
Event: 22.283 Thread 0x000000000331d800 Exception <a 'java/lang/ArrayIndexOutOfBoundsException': 27> (0x00000000d7dcaef0) thrown at [C:\re\workspace\8-2-build-windows-amd64-cygwin\jdk8u221\13320\hotspot\src\share\vm\interpreter\interpreterRuntime.cpp, line 368]
Event: 22.283 Thread 0x000000000331d800 Exception <a 'java/lang/ArrayIndexOutOfBoundsException': 23> (0x00000000d7dcc6b8) thrown at [C:\re\workspace\8-2-build-windows-amd64-cygwin\jdk8u221\13320\hotspot\src\share\vm\interpreter\interpreterRuntime.cpp, line 368]
Event: 22.283 Thread 0x000000000331d800 Exception <a 'java/lang/ArrayIndexOutOfBoundsException': 23> (0x00000000d7dcd9b8) thrown at [C:\re\workspace\8-2-build-windows-amd64-cygwin\jdk8u221\13320\hotspot\src\share\vm\interpreter\interpreterRuntime.cpp, line 368]
Event: 22.283 Thread 0x000000000331d800 Exception <a 'java/lang/ArrayIndexOutOfBoundsException': 56> (0x00000000d7dcf678) thrown at [C:\re\workspace\8-2-build-windows-amd64-cygwin\jdk8u221\13320\hotspot\src\share\vm\interpreter\interpreterRuntime.cpp, line 368]
Event: 22.283 Thread 0x000000000331d800 Exception <a 'java/lang/ArrayIndexOutOfBoundsException': 41> (0x00000000d7dd1438) thrown at [C:\re\workspace\8-2-build-windows-amd64-cygwin\jdk8u221\13320\hotspot\src\share\vm\interpreter\interpreterRuntime.cpp, line 368]
Event: 22.300 Thread 0x000000000331d800 Exception <a 'java/lang/ClassNotFoundException': io/restassured/config/RestAssuredConfigBeanInfo> (0x00000000d7f13988) thrown at [C:\re\workspace\8-2-build-windows-amd64-cygwin\jdk8u221\13320\hotspot\src\share\vm\classfile\systemDictionary.cpp, line 210]
Event: 22.302 Thread 0x000000000331d800 Exception <a 'java/lang/ClassNotFoundException': io/restassured/config/RestAssuredConfigCustomizer> (0x00000000d7f41f98) thrown at [C:\re\workspace\8-2-build-windows-amd64-cygwin\jdk8u221\13320\hotspot\src\share\vm\classfile\systemDictionary.cpp, line 210
Event: 22.311 Thread 0x000000000331d800 Exception <a 'java/lang/ClassNotFoundException': io/restassured/config/HeaderConfigBeanInfo> (0x00000000d7fd7b98) thrown at [C:\re\workspace\8-2-build-windows-amd64-cygwin\jdk8u221\13320\hotspot\src\share\vm\classfile\systemDictionary.cpp, line 210]
Event: 22.314 Thread 0x000000000331d800 Exception <a 'java/lang/ClassNotFoundException': io/restassured/config/HeaderConfigCustomizer> (0x00000000d80039c8) thrown at [C:\re\workspace\8-2-build-windows-amd64-cygwin\jdk8u221\13320\hotspot\src\share\vm\classfile\systemDictionary.cpp, line 210]

Events (10 events):
Event: 662.601 Executing VM operation: ChangeBreakpoints done
Event: 663.291 Executing VM operation: GetCurrentContendedMonitor
Event: 663.291 Executing VM operation: GetCurrentContendedMonitor done
Event: 663.291 Executing VM operation: GetOwnedMonitorInfo
Event: 663.291 Executing VM operation: GetOwnedMonitorInfo done
Event: 685.661 Executing VM operation: GetCurrentContendedMonitor
Event: 685.661 Executing VM operation: GetCurrentContendedMonitor done
Event: 685.661 Executing VM operation: GetOwnedMonitorInfo
Event: 685.662 Executing VM operation: GetOwnedMonitorInfo done
Event: 686.694 Executing VM operation: GetOrSetLocal


Dynamic libraries:
0x00007ff745030000 - 0x00007ff745067000 	C:\Program Files\Java\jre1.8.0_221\bin\javaw.exe
0x00007ffa97620000 - 0x00007ffa977f2000 	C:\windows\SYSTEM32\ntdll.dll
0x00007ffa95ca0000 - 0x00007ffa95d4c000 	C:\windows\System32\KERNEL32.DLL
0x00007ffa94200000 - 0x00007ffa9441d000 	C:\windows\System32\KERNELBASE.dll
0x00007ffa95fa0000 - 0x00007ffa96042000 	C:\windows\System32\ADVAPI32.dll
0x00007ffa95f00000 - 0x00007ffa95f9e000 	C:\windows\System32\msvcrt.dll
0x00007ffa95a70000 - 0x00007ffa95ac9000 	C:\windows\System32\sechost.dll
0x00007ffa95830000 - 0x00007ffa95951000 	C:\windows\System32\RPCRT4.dll
0x00007ffa95d50000 - 0x00007ffa95eb5000 	C:\windows\System32\USER32.dll
0x00007ffa93ff0000 - 0x00007ffa9400e000 	C:\windows\System32\win32u.dll
0x00007ffa95ec0000 - 0x00007ffa95ef4000 	C:\windows\System32\GDI32.dll
0x00007ffa94010000 - 0x00007ffa94190000 	C:\windows\System32\gdi32full.dll
0x00007ffa89700000 - 0x00007ffa8997a000 	C:\windows\WinSxS\amd64_microsoft.windows.common-controls_6595b64144ccf1df_6.0.14393.953_none_42151e83c686086b\COMCTL32.dll
0x00007ffa95130000 - 0x00007ffa953f8000 	C:\windows\System32\combase.dll
0x00007ffa93c70000 - 0x00007ffa93d65000 	C:\windows\System32\ucrtbase.dll
0x00007ffa94190000 - 0x00007ffa941fa000 	C:\windows\System32\bcryptPrimitives.dll
0x00007ffa95c70000 - 0x00007ffa95c9e000 	C:\windows\System32\IMM32.DLL
0x0000000051830000 - 0x0000000051902000 	C:\Program Files\Java\jre1.8.0_221\bin\msvcr100.dll
0x0000000051910000 - 0x00000000521b5000 	C:\Program Files\Java\jre1.8.0_221\bin\server\jvm.dll
0x00007ffa95960000 - 0x00007ffa95968000 	C:\windows\System32\PSAPI.DLL
0x00007ffa91ee0000 - 0x00007ffa91f03000 	C:\windows\SYSTEM32\WINMM.dll
0x00007ffa869c0000 - 0x00007ffa869ca000 	C:\windows\SYSTEM32\VERSION.dll
0x00007ffa869d0000 - 0x00007ffa869d9000 	C:\windows\SYSTEM32\WSOCK32.dll
0x00007ffa959e0000 - 0x00007ffa95a4a000 	C:\windows\System32\WS2_32.dll
0x0000000001420000 - 0x000000000144b000 	C:\windows\SYSTEM32\WINMMBASE.dll
0x00007ffa93bc0000 - 0x00007ffa93c02000 	C:\windows\System32\cfgmgr32.dll
0x00007ffa8e920000 - 0x00007ffa8e92f000 	C:\Program Files\Java\jre1.8.0_221\bin\verify.dll
0x00007ffa8e5f0000 - 0x00007ffa8e619000 	C:\Program Files\Java\jre1.8.0_221\bin\java.dll
0x00007ffa8a1f0000 - 0x00007ffa8a225000 	C:\Program Files\Java\jre1.8.0_221\bin\jdwp.dll
0x00007ffa8d550000 - 0x00007ffa8d558000 	C:\Program Files\Java\jre1.8.0_221\bin\npt.dll
0x00007ffa8a1c0000 - 0x00007ffa8a1e3000 	C:\Program Files\Java\jre1.8.0_221\bin\instrument.dll
0x00007ffa8e5d0000 - 0x00007ffa8e5e6000 	C:\Program Files\Java\jre1.8.0_221\bin\zip.dll
0x00007ffa96110000 - 0x00007ffa97619000 	C:\windows\System32\SHELL32.dll
0x00007ffa94420000 - 0x00007ffa94af9000 	C:\windows\System32\windows.storage.dll
0x00007ffa93ad0000 - 0x00007ffa93b1c000 	C:\windows\System32\powrprof.dll
0x00007ffa94c30000 - 0x00007ffa94c82000 	C:\windows\System32\shlwapi.dll
0x00007ffa93a90000 - 0x00007ffa93a9f000 	C:\windows\System32\kernel.appcore.dll
0x00007ffa93d70000 - 0x00007ffa93e19000 	C:\windows\System32\shcore.dll
0x00007ffa93aa0000 - 0x00007ffa93ab4000 	C:\windows\System32\profapi.dll
0x00007ffa8d330000 - 0x00007ffa8d339000 	C:\Program Files\Java\jre1.8.0_221\bin\dt_socket.dll
0x00007ffa84660000 - 0x00007ffa84676000 	C:\windows\system32\napinsp.dll
0x00007ffa84680000 - 0x00007ffa8469a000 	C:\windows\system32\pnrpnsp.dll
0x00007ffa91490000 - 0x00007ffa914a8000 	C:\windows\system32\NLAapi.dll
0x00007ffa933c0000 - 0x00007ffa9341c000 	C:\windows\System32\mswsock.dll
0x00007ffa93180000 - 0x00007ffa93221000 	C:\windows\SYSTEM32\DNSAPI.dll
0x00007ffa95a50000 - 0x00007ffa95a58000 	C:\windows\System32\NSI.dll
0x00007ffa93140000 - 0x00007ffa93178000 	C:\windows\SYSTEM32\IPHLPAPI.DLL
0x00007ffa846a0000 - 0x00007ffa846ae000 	C:\windows\System32\winrnr.dll
0x00007ffa8d4c0000 - 0x00007ffa8d52a000 	C:\windows\System32\fwpuclnt.dll
0x00007ffa93670000 - 0x00007ffa9369b000 	C:\windows\SYSTEM32\bcrypt.dll
0x00007ffa872c0000 - 0x00007ffa872ca000 	C:\Windows\System32\rasadhlp.dll
0x00007ffa8e220000 - 0x00007ffa8e23a000 	C:\Program Files\Java\jre1.8.0_221\bin\net.dll
0x00007ffa85830000 - 0x00007ffa859f2000 	C:\windows\SYSTEM32\urlmon.dll
0x00007ffa8b050000 - 0x00007ffa8b2f5000 	C:\windows\SYSTEM32\iertutil.dll
0x00007ffa8e200000 - 0x00007ffa8e212000 	C:\Program Files\Java\jre1.8.0_221\bin\nio.dll
0x00007ffa84f70000 - 0x00007ffa85102000 	C:\windows\SYSTEM32\dbghelp.dll

VM Arguments:
jvm_args: -agentlib:jdwp=transport=dt_socket,suspend=y,address=localhost:59200 -ea -javaagent:C:\Users\Computer\eclipse\java-2019-06\eclipse\configuration\org.eclipse.osgi\226\0\.cp\lib\javaagent-shaded.jar -Dfile.encoding=UTF-8 
java_command: org.eclipse.jdt.internal.junit.runner.RemoteTestRunner -version 3 -port 59199 -testLoaderClass org.eclipse.jdt.internal.junit4.runner.JUnit4TestLoader -loaderpluginname org.eclipse.jdt.junit4.runtime -classNames DataVisualizer.VerifyDVAPIs
java_class_path (initial): C:\eclipse-workspace\Unicef\target\test-classes;C:\eclipse-workspace\Unicef\target\classes;C:\Users\Computer\.p2\pool\plugins\org.junit_4.12.0.v201504281640\junit.jar;C:\Users\Computer\.p2\pool\plugins\org.hamcrest.core_1.3.0.v20180420-1519.jar;C:\Users\Computer\.m2\repository\net\serenity-bdd\serenity-junit\2.0.58\serenity-junit-2.0.58.jar;C:\Users\Computer\.m2\repository\net\bytebuddy\byte-buddy\1.9.12\byte-buddy-1.9.12.jar;C:\Users\Computer\.m2\repository\net\bytebuddy\byte-buddy-agent\1.9.12\byte-buddy-agent-1.9.12.jar;C:\Users\Computer\.m2\repository\com\google\guava\guava\25.0-jre\guava-25.0-jre.jar;C:\Users\Computer\.m2\repository\com\google\code\findbugs\jsr305\1.3.9\jsr305-1.3.9.jar;C:\Users\Computer\.m2\repository\org\checkerframework\checker-compat-qual\2.0.0\checker-compat-qual-2.0.0.jar;C:\Users\Computer\.m2\repository\com\google\errorprone\error_prone_annotations\2.1.3\error_prone_annotations-2.1.3.jar;C:\Users\Computer\.m2\repository\com\google\j2objc\j2objc-annotations\1.1\j2objc-annotations-1.1.jar;C:\Users\Computer\.m2\repository\org\codehaus\mojo\animal-sniffer-annotations\1.14\animal-sniffer-annotations-1.14.jar;C:\Users\Computer\.m2\repository\com\google\inject\guice\4.2.2\guice-4.2.2.jar;C:\Users\Computer\.m2\repository\javax\inject\javax.inject\1\javax.inject-1.jar;C:\Users\Computer\.m2\repository\aopalliance\aopalliance\1.0\aopalliance-1.0.jar;C:\Users\Computer\.m2\repository\cglib\cglib\3.2.5\cglib-3.2.5.jar;C:\Users\Computer\.m2\repository\org\ow2\asm\asm\5.0.3\asm-5.0.3.jar;C:\Users\Computer\.m2\repository\commons-codec\commons-codec\1.10\commons-codec-1.10.jar;C:\Users\Computer\.m2\repository\org\objenesis\objenesis\2.6\objenesis-2.6.jar;C:\Users\Computer\.m2\repository\org\slf4j\slf4j-api\1.7.25\slf4j-api-1.7.25.jar;C:\Users\Computer\.m2\repository\xml-apis\xml-apis\1.4.01\xml-apis-1.4.01.jar;C:\Users\Computer\.m2\repository\io\cucumber\cucumber-core\2.4.0\cucumber-core-2.4.0.jar;C:\Users\Computer\.m2\reposit
Launcher Type: SUN_STANDARD

Environment Variables:
JAVA_HOME=C:\Program Files\Java\jdk1.8.0_221
PATH=C:/Program Files/Java/jre1.8.0_221/bin/server;C:/Program Files/Java/jre1.8.0_221/bin;C:/Program Files/Java/jre1.8.0_221/lib/amd64;C:\ProgramData\Oracle\Java\javapath;C:\windows\system32;C:\windows;C:\windows\System32\Wbem;C:\windows\System32\WindowsPowerShell\v1.0\;C:\Program Files\Java\jdk1.8.0_221\bin;C:\Users\Computer\AppData\Local\Microsoft\WindowsApps;;C:\windows\system32;
USERNAME=Computer
OS=Windows_NT
PROCESSOR_IDENTIFIER=Intel64 Family 6 Model 58 Stepping 9, GenuineIntel



---------------  S Y S T E M  ---------------

OS: Windows 10.0 , 64 bit Build 14393 (10.0.14393.2189)

CPU:total 4 (initial active 4) (2 cores per cpu, 2 threads per core) family 6 model 58 stepping 9, cmov, cx8, fxsr, mmx, sse, sse2, sse3, ssse3, sse4.1, sse4.2, popcnt, avx, aes, clmul, erms, ht, tsc, tscinvbit, tscinv

Memory: 4k page, physical 8258652k(4140140k free), swap 9569372k(4738532k free)

vm_info: Java HotSpot(TM) 64-Bit Server VM (25.221-b11) for windows-amd64 JRE (1.8.0_221-b11), built on Jul  4 2019 04:39:29 by "java_re" with MS VC++ 10.0 (VS2010)

time: Thu Aug 29 09:52:15 2019
timezone: Eastern Daylight Time
elapsed time: 686 seconds (0d 0h 11m 26s)

