#
# A fatal error has been detected by the Java Runtime Environment:
#
#  EXCEPTION_ACCESS_VIOLATION (0xc0000005) at pc=0x0000000051a072e4, pid=2248, tid=0x00000000000010ec
#
# JRE version: Java(TM) SE Runtime Environment (8.0_221-b11) (build 1.8.0_221-b11)
# Java VM: Java HotSpot(TM) 64-Bit Server VM (25.221-b11 mixed mode windows-amd64 compressed oops)
# Problematic frame:
# V  [jvm.dll+0xf72e4]
#
# Failed to write core dump. Minidumps are not enabled by default on client versions of Windows
#
# If you would like to submit a bug report, please visit:
#   http://bugreport.java.com/bugreport/crash.jsp
#

---------------  T H R E A D  ---------------

Current thread (0x0000000017748000):  VMThread [stack: 0x00000000187e0000,0x00000000188e0000] [id=4332]

siginfo: ExceptionCode=0xc0000005, reading address 0x000000001ca9f258

Registers:
RAX=0x0000000000194040, RBX=0x00000000172860c0, RCX=0x000000001c90b208, RDX=0x000000000000ca02
RSP=0x00000000188dec18, RBP=0x000000000000005c, RSI=0x00000000188def00, RDI=0x00000000188def00
R8 =0x0000000000000000, R9 =0x00000000172860c0, R10=0x000000000000ca02, R11=0x0000000017286ce4
R12=0x0000000000000001, R13=0x0000000000000001, R14=0x00000000000003d8, R15=0x00000000188ded20
RIP=0x0000000051a072e4, EFLAGS=0x0000000000010202

Top of Stack: (sp=0x00000000188dec18)
0x00000000188dec18:   0000000051a0f35c 00000000188def00
0x00000000188dec28:   0000000002c608da 0000000000000024
0x00000000188dec38:   0000000051a100c9 0000000017655628
0x00000000188dec48:   0000000051a0e542 00000000188def00
0x00000000188dec58:   00000000188decc0 00005e6c11b2d2c8
0x00000000188dec68:   0000000051a0f972 00000000188ded30
0x00000000188dec78:   0000000000000001 00000000188ded40
0x00000000188dec88:   00000000188def00 00000000188ded70
0x00000000188dec98:   0000000051a125a0 000000000000005c
0x00000000188deca8:   000000000000005c 0000000000000064
0x00000000188decb8:   0000000051a0f7f6 000000000000005c
0x00000000188decc8:   00000000188ded70 00000000188ded30
0x00000000188decd8:   0000000000000064 0000000017286d78
0x00000000188dece8:   0000000051a130ff 00000000188def00
0x00000000188decf8:   00000000188ded70 00000000176555d8
0x00000000188ded08:   0000000017286d78 0000000000000004 

Instructions: (pc=0x0000000051a072e4)
0x0000000051a072c4:   18 f7 d2 48 63 c2 48 c1 e0 05 48 8b 44 08 10 0f
0x0000000051a072d4:   b7 c0 41 0f b7 44 c1 52 c3 48 63 c2 48 c1 e0 05
0x0000000051a072e4:   48 8b 44 08 10 0f b7 d0 48 63 c2 41 0f b7 44 c1
0x0000000051a072f4:   52 c3 49 8b 41 08 48 63 ca 0f b6 44 08 04 3c 12 


Register to memory mapping:

RAX=0x0000000000194040 is an unknown value
RBX=0x00000000172860c0 is pointing into metadata
RCX=0x000000001c90b208 is pointing into metadata
RDX=0x000000000000ca02 is an unknown value
RSP=0x00000000188dec18 is an unknown value
RBP=0x000000000000005c is an unknown value
RSI=0x00000000188def00 is an unknown value
RDI=0x00000000188def00 is an unknown value
R8 =0x0000000000000000 is an unknown value
R9 =0x00000000172860c0 is pointing into metadata
R10=0x000000000000ca02 is an unknown value
R11=0x0000000017286ce4 is pointing into metadata
R12=0x0000000000000001 is an unknown value
R13=0x0000000000000001 is an unknown value
R14=0x00000000000003d8 is an unknown value
R15=0x00000000188ded20 is an unknown value


Stack: [0x00000000187e0000,0x00000000188e0000],  sp=0x00000000188dec18,  free space=1019k
Native frames: (J=compiled Java code, j=interpreted, Vv=VM code, C=native code)
V  [jvm.dll+0xf72e4]

VM_Operation (0x000000001920f550): GetOrSetLocal, mode: safepoint, requested by thread 0x0000000017794800


---------------  P R O C E S S  ---------------

Java Threads: ( => current thread )
  0x0000000019f73000 JavaThread "ReaderThread" [_thread_in_native, id=4996, stack(0x000000001b4e0000,0x000000001b5e0000)]
  0x0000000019dcf000 JavaThread "Service Thread" daemon [_thread_blocked, id=5460, stack(0x000000001a310000,0x000000001a410000)]
  0x0000000019dce800 JavaThread "C1 CompilerThread2" daemon [_thread_blocked, id=1004, stack(0x000000001a210000,0x000000001a310000)]
  0x0000000019e1d800 JavaThread "C2 CompilerThread1" daemon [_thread_blocked, id=3736, stack(0x000000001a110000,0x000000001a210000)]
  0x0000000019db9000 JavaThread "C2 CompilerThread0" daemon [_thread_blocked, id=1228, stack(0x000000001a010000,0x000000001a110000)]
  0x00000000177a7000 JavaThread "JDWP Command Reader" daemon [_thread_in_native, id=6972, stack(0x0000000019310000,0x0000000019410000)]
  0x00000000177a5800 JavaThread "JDWP Event Helper Thread" daemon [_thread_blocked, id=2028, stack(0x0000000019210000,0x0000000019310000)]
  0x0000000017794800 JavaThread "JDWP Transport Listener: dt_socket" daemon [_thread_blocked, id=4528, stack(0x0000000019110000,0x0000000019210000)]
  0x000000001778a800 JavaThread "Attach Listener" daemon [_thread_blocked, id=5868, stack(0x0000000018cd0000,0x0000000018dd0000)]
  0x0000000017789800 JavaThread "Signal Dispatcher" daemon [_thread_blocked, id=2080, stack(0x0000000018bd0000,0x0000000018cd0000)]
  0x0000000017770800 JavaThread "Finalizer" daemon [_thread_blocked, id=6000, stack(0x00000000189e0000,0x0000000018ae0000)]
  0x0000000002b3c000 JavaThread "Reference Handler" daemon [_thread_blocked, id=4368, stack(0x00000000188e0000,0x00000000189e0000)]
  0x0000000002a4d800 JavaThread "main" [_thread_blocked, id=6644, stack(0x0000000002940000,0x0000000002a40000)]

Other Threads:
=>0x0000000017748000 VMThread [stack: 0x00000000187e0000,0x00000000188e0000] [id=4332]
  0x0000000019eb4800 WatcherThread [stack: 0x000000001a410000,0x000000001a510000] [id=6528]

VM state:at safepoint (normal execution)

VM Mutex/Monitor currently owned by a thread:  ([mutex/lock_event])
[0x0000000002a42c50] Threads_lock - owner thread: 0x0000000017748000

heap address: 0x0000000081e00000, size: 2018 MB, Compressed Oops mode: 32-bit
Narrow klass base: 0x0000000000000000, Narrow klass shift: 3
Compressed class space size: 1073741824 Address: 0x0000000100000000

Heap:
 PSYoungGen      total 138240K, used 103944K [0x00000000d5f80000, 0x00000000e7480000, 0x0000000100000000)
  eden space 133120K, 78% used [0x00000000d5f80000,0x00000000dc502398,0x00000000de180000)
  from space 5120K, 0% used [0x00000000de180000,0x00000000de180000,0x00000000de680000)
  to   space 8704K, 0% used [0x00000000e6c00000,0x00000000e6c00000,0x00000000e7480000)
 ParOldGen       total 49152K, used 6242K [0x0000000081e00000, 0x0000000084e00000, 0x00000000d5f80000)
  object space 49152K, 12% used [0x0000000081e00000,0x0000000082418b90,0x0000000084e00000)
 Metaspace       used 24363K, capacity 24726K, committed 25088K, reserved 1071104K
  class space    used 2877K, capacity 3007K, committed 3072K, reserved 1048576K

Card table byte_map: [0x0000000012020000,0x0000000012420000] byte_map_base: 0x0000000011c11000

Marking Bits: (ParMarkBitMap*) 0x0000000052135ce0
 Begin Bits: [0x0000000012ad0000, 0x0000000014a58000)
 End Bits:   [0x0000000014a58000, 0x00000000169e0000)

Polling page: 0x0000000000c40000

CodeCache: size=245760Kb used=11340Kb max_used=11390Kb free=234419Kb
 bounds [0x0000000002c60000, 0x0000000003790000, 0x0000000011c60000]
 total_blobs=2719 nmethods=2077 adapters=562
 compilation: enabled

Compilation events (10 events):
Event: 17.495 Thread 0x0000000019dce800 nmethod 2103 0x000000000375d210 code [0x000000000375d380, 0x000000000375d528]
Event: 17.498 Thread 0x0000000019dce800 2106       3       java.util.ArrayList::<init> (67 bytes)
Event: 17.498 Thread 0x0000000019dce800 nmethod 2106 0x000000000375d5d0 code [0x000000000375d780, 0x000000000375dcb8]
Event: 17.500 Thread 0x0000000019db9000 2107       4       java.util.zip.ZipCoder::toString (190 bytes)
Event: 17.503 Thread 0x0000000019dce800 2108       3       groovyjarjarasm.asm.ByteVector::put122 (93 bytes)
Event: 17.503 Thread 0x0000000019dce800 nmethod 2108 0x000000000375de90 code [0x000000000375e000, 0x000000000375e2c8]
Event: 17.504 Thread 0x0000000019dce800 2109       3       groovyjarjarasm.asm.Type::getArgumentsAndReturnSizes (132 bytes)
Event: 17.505 Thread 0x0000000019dce800 nmethod 2109 0x000000000375e4d0 code [0x000000000375e740, 0x000000000375f7b8]
Event: 17.511 Thread 0x0000000019db9000 nmethod 2107 0x0000000003763510 code [0x00000000037636a0, 0x0000000003763eb8]
Event: 17.639 Thread 0x0000000019e1d800 nmethod 2034 0x000000000376f910 code [0x0000000003770080, 0x0000000003779ae8]

GC Heap History (10 events):
Event: 7.852 GC heap before
{Heap before GC invocations=2 (full 0):
 PSYoungGen      total 38400K, used 36691K [0x00000000d5f80000, 0x00000000daa80000, 0x0000000100000000)
  eden space 33280K, 100% used [0x00000000d5f80000,0x00000000d8000000,0x00000000d8000000)
  from space 5120K, 66% used [0x00000000d8000000,0x00000000d8354ef0,0x00000000d8500000)
  to   space 5120K, 0% used [0x00000000da580000,0x00000000da580000,0x00000000daa80000)
 ParOldGen       total 87552K, used 8K [0x0000000081e00000, 0x0000000087380000, 0x00000000d5f80000)
  object space 87552K, 0% used [0x0000000081e00000,0x0000000081e02000,0x0000000087380000)
 Metaspace       used 8868K, capacity 8962K, committed 9088K, reserved 1056768K
  class space    used 1036K, capacity 1073K, committed 1152K, reserved 1048576K
Event: 7.922 GC heap after
Heap after GC invocations=2 (full 0):
 PSYoungGen      total 71680K, used 4178K [0x00000000d5f80000, 0x00000000daa80000, 0x0000000100000000)
  eden space 66560K, 0% used [0x00000000d5f80000,0x00000000d5f80000,0x00000000da080000)
  from space 5120K, 81% used [0x00000000da580000,0x00000000da994bc8,0x00000000daa80000)
  to   space 5120K, 0% used [0x00000000da080000,0x00000000da080000,0x00000000da580000)
 ParOldGen       total 87552K, used 16K [0x0000000081e00000, 0x0000000087380000, 0x00000000d5f80000)
  object space 87552K, 0% used [0x0000000081e00000,0x0000000081e04000,0x0000000087380000)
 Metaspace       used 8868K, capacity 8962K, committed 9088K, reserved 1056768K
  class space    used 1036K, capacity 1073K, committed 1152K, reserved 1048576K
}
Event: 12.643 GC heap before
{Heap before GC invocations=3 (full 0):
 PSYoungGen      total 71680K, used 70738K [0x00000000d5f80000, 0x00000000daa80000, 0x0000000100000000)
  eden space 66560K, 100% used [0x00000000d5f80000,0x00000000da080000,0x00000000da080000)
  from space 5120K, 81% used [0x00000000da580000,0x00000000da994bc8,0x00000000daa80000)
  to   space 5120K, 0% used [0x00000000da080000,0x00000000da080000,0x00000000da580000)
 ParOldGen       total 87552K, used 16K [0x0000000081e00000, 0x0000000087380000, 0x00000000d5f80000)
  object space 87552K, 0% used [0x0000000081e00000,0x0000000081e04000,0x0000000087380000)
 Metaspace       used 13707K, capacity 13938K, committed 14080K, reserved 1060864K
  class space    used 1618K, capacity 1709K, committed 1792K, reserved 1048576K
Event: 12.652 GC heap after
Heap after GC invocations=3 (full 0):
 PSYoungGen      total 71680K, used 5116K [0x00000000d5f80000, 0x00000000deb80000, 0x0000000100000000)
  eden space 66560K, 0% used [0x00000000d5f80000,0x00000000d5f80000,0x00000000da080000)
  from space 5120K, 99% used [0x00000000da080000,0x00000000da57f3c0,0x00000000da580000)
  to   space 5120K, 0% used [0x00000000de680000,0x00000000de680000,0x00000000deb80000)
 ParOldGen       total 87552K, used 916K [0x0000000081e00000, 0x0000000087380000, 0x00000000d5f80000)
  object space 87552K, 1% used [0x0000000081e00000,0x0000000081ee50d8,0x0000000087380000)
 Metaspace       used 13707K, capacity 13938K, committed 14080K, reserved 1060864K
  class space    used 1618K, capacity 1709K, committed 1792K, reserved 1048576K
}
Event: 14.782 GC heap before
{Heap before GC invocations=4 (full 0):
 PSYoungGen      total 71680K, used 71676K [0x00000000d5f80000, 0x00000000deb80000, 0x0000000100000000)
  eden space 66560K, 100% used [0x00000000d5f80000,0x00000000da080000,0x00000000da080000)
  from space 5120K, 99% used [0x00000000da080000,0x00000000da57f3c0,0x00000000da580000)
  to   space 5120K, 0% used [0x00000000de680000,0x00000000de680000,0x00000000deb80000)
 ParOldGen       total 87552K, used 916K [0x0000000081e00000, 0x0000000087380000, 0x00000000d5f80000)
  object space 87552K, 1% used [0x0000000081e00000,0x0000000081ee50d8,0x0000000087380000)
 Metaspace       used 19108K, capacity 19384K, committed 19712K, reserved 1067008K
  class space    used 2343K, capacity 2462K, committed 2560K, reserved 1048576K
Event: 14.794 GC heap after
Heap after GC invocations=4 (full 0):
 PSYoungGen      total 138240K, used 5111K [0x00000000d5f80000, 0x00000000deb80000, 0x0000000100000000)
  eden space 133120K, 0% used [0x00000000d5f80000,0x00000000d5f80000,0x00000000de180000)
  from space 5120K, 99% used [0x00000000de680000,0x00000000deb7deb0,0x00000000deb80000)
  to   space 5120K, 0% used [0x00000000de180000,0x00000000de180000,0x00000000de680000)
 ParOldGen       total 87552K, used 3157K [0x0000000081e00000, 0x0000000087380000, 0x00000000d5f80000)
  object space 87552K, 3% used [0x0000000081e00000,0x00000000821157f0,0x0000000087380000)
 Metaspace       used 19108K, capacity 19384K, committed 19712K, reserved 1067008K
  class space    used 2343K, capacity 2462K, committed 2560K, reserved 1048576K
}
Event: 15.728 GC heap before
{Heap before GC invocations=5 (full 0):
 PSYoungGen      total 138240K, used 42728K [0x00000000d5f80000, 0x00000000deb80000, 0x0000000100000000)
  eden space 133120K, 28% used [0x00000000d5f80000,0x00000000d843c4b0,0x00000000de180000)
  from space 5120K, 99% used [0x00000000de680000,0x00000000deb7deb0,0x00000000deb80000)
  to   space 5120K, 0% used [0x00000000de180000,0x00000000de180000,0x00000000de680000)
 ParOldGen       total 87552K, used 3157K [0x0000000081e00000, 0x0000000087380000, 0x00000000d5f80000)
  object space 87552K, 3% used [0x0000000081e00000,0x00000000821157f0,0x0000000087380000)
 Metaspace       used 20785K, capacity 20990K, committed 21296K, reserved 1069056K
  class space    used 2506K, capacity 2591K, committed 2688K, reserved 1048576K
Event: 15.754 GC heap after
Heap after GC invocations=5 (full 0):
 PSYoungGen      total 138240K, used 5108K [0x00000000d5f80000, 0x00000000e7480000, 0x0000000100000000)
  eden space 133120K, 0% used [0x00000000d5f80000,0x00000000d5f80000,0x00000000de180000)
  from space 5120K, 99% used [0x00000000de180000,0x00000000de67d090,0x00000000de680000)
  to   space 8704K, 0% used [0x00000000e6c00000,0x00000000e6c00000,0x00000000e7480000)
 ParOldGen       total 87552K, used 4392K [0x0000000081e00000, 0x0000000087380000, 0x00000000d5f80000)
  object space 87552K, 5% used [0x0000000081e00000,0x000000008224a2c0,0x0000000087380000)
 Metaspace       used 20785K, capacity 20990K, committed 21296K, reserved 1069056K
  class space    used 2506K, capacity 2591K, committed 2688K, reserved 1048576K
}
Event: 15.754 GC heap before
{Heap before GC invocations=6 (full 1):
 PSYoungGen      total 138240K, used 5108K [0x00000000d5f80000, 0x00000000e7480000, 0x0000000100000000)
  eden space 133120K, 0% used [0x00000000d5f80000,0x00000000d5f80000,0x00000000de180000)
  from space 5120K, 99% used [0x00000000de180000,0x00000000de67d090,0x00000000de680000)
  to   space 8704K, 0% used [0x00000000e6c00000,0x00000000e6c00000,0x00000000e7480000)
 ParOldGen       total 87552K, used 4392K [0x0000000081e00000, 0x0000000087380000, 0x00000000d5f80000)
  object space 87552K, 5% used [0x0000000081e00000,0x000000008224a2c0,0x0000000087380000)
 Metaspace       used 20785K, capacity 20990K, committed 21296K, reserved 1069056K
  class space    used 2506K, capacity 2591K, committed 2688K, reserved 1048576K
Event: 15.814 GC heap after
Heap after GC invocations=6 (full 1):
 PSYoungGen      total 138240K, used 0K [0x00000000d5f80000, 0x00000000e7480000, 0x0000000100000000)
  eden space 133120K, 0% used [0x00000000d5f80000,0x00000000d5f80000,0x00000000de180000)
  from space 5120K, 0% used [0x00000000de180000,0x00000000de180000,0x00000000de680000)
  to   space 8704K, 0% used [0x00000000e6c00000,0x00000000e6c00000,0x00000000e7480000)
 ParOldGen       total 49152K, used 6242K [0x0000000081e00000, 0x0000000084e00000, 0x00000000d5f80000)
  object space 49152K, 12% used [0x0000000081e00000,0x0000000082418b90,0x0000000084e00000)
 Metaspace       used 20785K, capacity 20990K, committed 21296K, reserved 1069056K
  class space    used 2506K, capacity 2591K, committed 2688K, reserved 1048576K
}

Deoptimization events (10 events):
Event: 17.422 Thread 0x0000000002a4d800 Uncommon trap: reason=range_check action=none pc=0x00000000030d2d1c method=sun.reflect.generics.parser.SignatureParser.current()C @ 34
Event: 17.422 Thread 0x0000000002a4d800 Uncommon trap: reason=range_check action=none pc=0x00000000030d2d1c method=sun.reflect.generics.parser.SignatureParser.current()C @ 34
Event: 17.428 Thread 0x0000000002a4d800 Uncommon trap: reason=range_check action=none pc=0x00000000030d2d1c method=sun.reflect.generics.parser.SignatureParser.current()C @ 34
Event: 17.457 Thread 0x0000000002a4d800 Uncommon trap: reason=range_check action=none pc=0x00000000030d2d1c method=sun.reflect.generics.parser.SignatureParser.current()C @ 34
Event: 17.457 Thread 0x0000000002a4d800 Uncommon trap: reason=range_check action=none pc=0x00000000030d2d1c method=sun.reflect.generics.parser.SignatureParser.current()C @ 34
Event: 17.458 Thread 0x0000000002a4d800 Uncommon trap: reason=range_check action=none pc=0x00000000030d2d1c method=sun.reflect.generics.parser.SignatureParser.current()C @ 34
Event: 17.458 Thread 0x0000000002a4d800 Uncommon trap: reason=range_check action=none pc=0x00000000030d2d1c method=sun.reflect.generics.parser.SignatureParser.current()C @ 34
Event: 17.458 Thread 0x0000000002a4d800 Uncommon trap: reason=range_check action=none pc=0x00000000030d2d1c method=sun.reflect.generics.parser.SignatureParser.current()C @ 34
Event: 17.458 Thread 0x0000000002a4d800 Uncommon trap: reason=range_check action=none pc=0x00000000030d2d1c method=sun.reflect.generics.parser.SignatureParser.current()C @ 34
Event: 17.458 Thread 0x0000000002a4d800 Uncommon trap: reason=range_check action=none pc=0x00000000030d2d1c method=sun.reflect.generics.parser.SignatureParser.current()C @ 34

Classes redefined (2 events):
Event: 566.894 Thread 0x0000000017748000 redefined class name=DataVisualizer.VerifyDVAPIs, count=1
Event: 652.136 Thread 0x0000000017748000 redefined class name=DataVisualizer.VerifyDVAPIs, count=2

Internal exceptions (10 events):
Event: 17.457 Thread 0x0000000002a4d800 Exception <a 'java/lang/ArrayIndexOutOfBoundsException': 86> (0x00000000dbe45c60) thrown at [C:\re\workspace\8-2-build-windows-amd64-cygwin\jdk8u221\13320\hotspot\src\share\vm\interpreter\interpreterRuntime.cpp, line 368]
Event: 17.458 Thread 0x0000000002a4d800 Exception <a 'java/lang/ArrayIndexOutOfBoundsException': 27> (0x00000000dbe47de8) thrown at [C:\re\workspace\8-2-build-windows-amd64-cygwin\jdk8u221\13320\hotspot\src\share\vm\interpreter\interpreterRuntime.cpp, line 368]
Event: 17.458 Thread 0x0000000002a4d800 Exception <a 'java/lang/ArrayIndexOutOfBoundsException': 23> (0x00000000dbe495b0) thrown at [C:\re\workspace\8-2-build-windows-amd64-cygwin\jdk8u221\13320\hotspot\src\share\vm\interpreter\interpreterRuntime.cpp, line 368]
Event: 17.458 Thread 0x0000000002a4d800 Exception <a 'java/lang/ArrayIndexOutOfBoundsException': 23> (0x00000000dbe4a8b0) thrown at [C:\re\workspace\8-2-build-windows-amd64-cygwin\jdk8u221\13320\hotspot\src\share\vm\interpreter\interpreterRuntime.cpp, line 368]
Event: 17.458 Thread 0x0000000002a4d800 Exception <a 'java/lang/ArrayIndexOutOfBoundsException': 56> (0x00000000dbe4c0b0) thrown at [C:\re\workspace\8-2-build-windows-amd64-cygwin\jdk8u221\13320\hotspot\src\share\vm\interpreter\interpreterRuntime.cpp, line 368]
Event: 17.458 Thread 0x0000000002a4d800 Exception <a 'java/lang/ArrayIndexOutOfBoundsException': 41> (0x00000000dbe4de70) thrown at [C:\re\workspace\8-2-build-windows-amd64-cygwin\jdk8u221\13320\hotspot\src\share\vm\interpreter\interpreterRuntime.cpp, line 368]
Event: 17.476 Thread 0x0000000002a4d800 Exception <a 'java/lang/ClassNotFoundException': io/restassured/config/RestAssuredConfigBeanInfo> (0x00000000dbf90930) thrown at [C:\re\workspace\8-2-build-windows-amd64-cygwin\jdk8u221\13320\hotspot\src\share\vm\classfile\systemDictionary.cpp, line 210]
Event: 17.479 Thread 0x0000000002a4d800 Exception <a 'java/lang/ClassNotFoundException': io/restassured/config/RestAssuredConfigCustomizer> (0x00000000dbfbef40) thrown at [C:\re\workspace\8-2-build-windows-amd64-cygwin\jdk8u221\13320\hotspot\src\share\vm\classfile\systemDictionary.cpp, line 210
Event: 17.489 Thread 0x0000000002a4d800 Exception <a 'java/lang/ClassNotFoundException': io/restassured/config/HeaderConfigBeanInfo> (0x00000000dc054b40) thrown at [C:\re\workspace\8-2-build-windows-amd64-cygwin\jdk8u221\13320\hotspot\src\share\vm\classfile\systemDictionary.cpp, line 210]
Event: 17.492 Thread 0x0000000002a4d800 Exception <a 'java/lang/ClassNotFoundException': io/restassured/config/HeaderConfigCustomizer> (0x00000000dc080908) thrown at [C:\re\workspace\8-2-build-windows-amd64-cygwin\jdk8u221\13320\hotspot\src\share\vm\classfile\systemDictionary.cpp, line 210]

Events (10 events):
Event: 652.785 Executing VM operation: GetOwnedMonitorInfo done
Event: 675.155 Executing VM operation: GetCurrentContendedMonitor
Event: 675.155 Executing VM operation: GetCurrentContendedMonitor done
Event: 675.155 Executing VM operation: GetOwnedMonitorInfo
Event: 675.155 Executing VM operation: GetOwnedMonitorInfo done
Event: 677.355 Executing VM operation: GetOwnedMonitorInfo
Event: 677.356 Executing VM operation: GetOwnedMonitorInfo done
Event: 677.356 Executing VM operation: GetCurrentContendedMonitor
Event: 677.356 Executing VM operation: GetCurrentContendedMonitor done
Event: 677.474 Executing VM operation: GetOrSetLocal


Dynamic libraries:
0x00007ff745030000 - 0x00007ff745067000 	C:\Program Files\Java\jre1.8.0_221\bin\javaw.exe
0x00007ffa97620000 - 0x00007ffa977f2000 	C:\windows\SYSTEM32\ntdll.dll
0x00007ffa95ca0000 - 0x00007ffa95d4c000 	C:\windows\System32\KERNEL32.DLL
0x00007ffa94200000 - 0x00007ffa9441d000 	C:\windows\System32\KERNELBASE.dll
0x00007ffa95fa0000 - 0x00007ffa96042000 	C:\windows\System32\ADVAPI32.dll
0x00007ffa95f00000 - 0x00007ffa95f9e000 	C:\windows\System32\msvcrt.dll
0x00007ffa95a70000 - 0x00007ffa95ac9000 	C:\windows\System32\sechost.dll
0x00007ffa95830000 - 0x00007ffa95951000 	C:\windows\System32\RPCRT4.dll
0x00007ffa95d50000 - 0x00007ffa95eb5000 	C:\windows\System32\USER32.dll
0x00007ffa93ff0000 - 0x00007ffa9400e000 	C:\windows\System32\win32u.dll
0x00007ffa95ec0000 - 0x00007ffa95ef4000 	C:\windows\System32\GDI32.dll
0x00007ffa94010000 - 0x00007ffa94190000 	C:\windows\System32\gdi32full.dll
0x00007ffa89700000 - 0x00007ffa8997a000 	C:\windows\WinSxS\amd64_microsoft.windows.common-controls_6595b64144ccf1df_6.0.14393.953_none_42151e83c686086b\COMCTL32.dll
0x00007ffa95130000 - 0x00007ffa953f8000 	C:\windows\System32\combase.dll
0x00007ffa93c70000 - 0x00007ffa93d65000 	C:\windows\System32\ucrtbase.dll
0x00007ffa94190000 - 0x00007ffa941fa000 	C:\windows\System32\bcryptPrimitives.dll
0x00007ffa95c70000 - 0x00007ffa95c9e000 	C:\windows\System32\IMM32.DLL
0x0000000051830000 - 0x0000000051902000 	C:\Program Files\Java\jre1.8.0_221\bin\msvcr100.dll
0x0000000051910000 - 0x00000000521b5000 	C:\Program Files\Java\jre1.8.0_221\bin\server\jvm.dll
0x00007ffa95960000 - 0x00007ffa95968000 	C:\windows\System32\PSAPI.DLL
0x00007ffa869d0000 - 0x00007ffa869d9000 	C:\windows\SYSTEM32\WSOCK32.dll
0x00007ffa959e0000 - 0x00007ffa95a4a000 	C:\windows\System32\WS2_32.dll
0x00007ffa91ee0000 - 0x00007ffa91f03000 	C:\windows\SYSTEM32\WINMM.dll
0x00007ffa869c0000 - 0x00007ffa869ca000 	C:\windows\SYSTEM32\VERSION.dll
0x00007ffa91eb0000 - 0x00007ffa91edb000 	C:\windows\SYSTEM32\WINMMBASE.dll
0x00007ffa93bc0000 - 0x00007ffa93c02000 	C:\windows\System32\cfgmgr32.dll
0x00007ffa8e920000 - 0x00007ffa8e92f000 	C:\Program Files\Java\jre1.8.0_221\bin\verify.dll
0x00007ffa8e5f0000 - 0x00007ffa8e619000 	C:\Program Files\Java\jre1.8.0_221\bin\java.dll
0x00007ffa8a1f0000 - 0x00007ffa8a225000 	C:\Program Files\Java\jre1.8.0_221\bin\jdwp.dll
0x00007ffa8d550000 - 0x00007ffa8d558000 	C:\Program Files\Java\jre1.8.0_221\bin\npt.dll
0x00007ffa8a1c0000 - 0x00007ffa8a1e3000 	C:\Program Files\Java\jre1.8.0_221\bin\instrument.dll
0x00007ffa8e5d0000 - 0x00007ffa8e5e6000 	C:\Program Files\Java\jre1.8.0_221\bin\zip.dll
0x00007ffa96110000 - 0x00007ffa97619000 	C:\windows\System32\SHELL32.dll
0x00007ffa94420000 - 0x00007ffa94af9000 	C:\windows\System32\windows.storage.dll
0x00007ffa93ad0000 - 0x00007ffa93b1c000 	C:\windows\System32\powrprof.dll
0x00007ffa94c30000 - 0x00007ffa94c82000 	C:\windows\System32\shlwapi.dll
0x00007ffa93a90000 - 0x00007ffa93a9f000 	C:\windows\System32\kernel.appcore.dll
0x00007ffa93d70000 - 0x00007ffa93e19000 	C:\windows\System32\shcore.dll
0x00007ffa93aa0000 - 0x00007ffa93ab4000 	C:\windows\System32\profapi.dll
0x00007ffa8d330000 - 0x00007ffa8d339000 	C:\Program Files\Java\jre1.8.0_221\bin\dt_socket.dll
0x00007ffa84660000 - 0x00007ffa84676000 	C:\windows\system32\napinsp.dll
0x00007ffa84680000 - 0x00007ffa8469a000 	C:\windows\system32\pnrpnsp.dll
0x00007ffa91490000 - 0x00007ffa914a8000 	C:\windows\system32\NLAapi.dll
0x00007ffa933c0000 - 0x00007ffa9341c000 	C:\windows\System32\mswsock.dll
0x00007ffa93180000 - 0x00007ffa93221000 	C:\windows\SYSTEM32\DNSAPI.dll
0x00007ffa95a50000 - 0x00007ffa95a58000 	C:\windows\System32\NSI.dll
0x00007ffa93140000 - 0x00007ffa93178000 	C:\windows\SYSTEM32\IPHLPAPI.DLL
0x00007ffa846a0000 - 0x00007ffa846ae000 	C:\windows\System32\winrnr.dll
0x00007ffa8d4c0000 - 0x00007ffa8d52a000 	C:\windows\System32\fwpuclnt.dll
0x00007ffa93670000 - 0x00007ffa9369b000 	C:\windows\SYSTEM32\bcrypt.dll
0x00007ffa872c0000 - 0x00007ffa872ca000 	C:\Windows\System32\rasadhlp.dll
0x00007ffa8e220000 - 0x00007ffa8e23a000 	C:\Program Files\Java\jre1.8.0_221\bin\net.dll
0x00007ffa85830000 - 0x00007ffa859f2000 	C:\windows\SYSTEM32\urlmon.dll
0x00007ffa8b050000 - 0x00007ffa8b2f5000 	C:\windows\SYSTEM32\iertutil.dll
0x00007ffa8e200000 - 0x00007ffa8e212000 	C:\Program Files\Java\jre1.8.0_221\bin\nio.dll
0x00007ffa84f70000 - 0x00007ffa85102000 	C:\windows\SYSTEM32\dbghelp.dll

VM Arguments:
jvm_args: -agentlib:jdwp=transport=dt_socket,suspend=y,address=localhost:59230 -ea -javaagent:C:\Users\Computer\eclipse\java-2019-06\eclipse\configuration\org.eclipse.osgi\226\0\.cp\lib\javaagent-shaded.jar -Dfile.encoding=UTF-8 
java_command: org.eclipse.jdt.internal.junit.runner.RemoteTestRunner -version 3 -port 59229 -testLoaderClass org.eclipse.jdt.internal.junit4.runner.JUnit4TestLoader -loaderpluginname org.eclipse.jdt.junit4.runtime -classNames DataVisualizer.VerifyDVAPIs
java_class_path (initial): C:\eclipse-workspace\Unicef\target\test-classes;C:\eclipse-workspace\Unicef\target\classes;C:\Users\Computer\.p2\pool\plugins\org.junit_4.12.0.v201504281640\junit.jar;C:\Users\Computer\.p2\pool\plugins\org.hamcrest.core_1.3.0.v20180420-1519.jar;C:\Users\Computer\.m2\repository\net\serenity-bdd\serenity-junit\2.0.58\serenity-junit-2.0.58.jar;C:\Users\Computer\.m2\repository\net\bytebuddy\byte-buddy\1.9.12\byte-buddy-1.9.12.jar;C:\Users\Computer\.m2\repository\net\bytebuddy\byte-buddy-agent\1.9.12\byte-buddy-agent-1.9.12.jar;C:\Users\Computer\.m2\repository\com\google\guava\guava\25.0-jre\guava-25.0-jre.jar;C:\Users\Computer\.m2\repository\com\google\code\findbugs\jsr305\1.3.9\jsr305-1.3.9.jar;C:\Users\Computer\.m2\repository\org\checkerframework\checker-compat-qual\2.0.0\checker-compat-qual-2.0.0.jar;C:\Users\Computer\.m2\repository\com\google\errorprone\error_prone_annotations\2.1.3\error_prone_annotations-2.1.3.jar;C:\Users\Computer\.m2\repository\com\google\j2objc\j2objc-annotations\1.1\j2objc-annotations-1.1.jar;C:\Users\Computer\.m2\repository\org\codehaus\mojo\animal-sniffer-annotations\1.14\animal-sniffer-annotations-1.14.jar;C:\Users\Computer\.m2\repository\com\google\inject\guice\4.2.2\guice-4.2.2.jar;C:\Users\Computer\.m2\repository\javax\inject\javax.inject\1\javax.inject-1.jar;C:\Users\Computer\.m2\repository\aopalliance\aopalliance\1.0\aopalliance-1.0.jar;C:\Users\Computer\.m2\repository\cglib\cglib\3.2.5\cglib-3.2.5.jar;C:\Users\Computer\.m2\repository\org\ow2\asm\asm\5.0.3\asm-5.0.3.jar;C:\Users\Computer\.m2\repository\commons-codec\commons-codec\1.10\commons-codec-1.10.jar;C:\Users\Computer\.m2\repository\org\objenesis\objenesis\2.6\objenesis-2.6.jar;C:\Users\Computer\.m2\repository\org\slf4j\slf4j-api\1.7.25\slf4j-api-1.7.25.jar;C:\Users\Computer\.m2\repository\xml-apis\xml-apis\1.4.01\xml-apis-1.4.01.jar;C:\Users\Computer\.m2\repository\io\cucumber\cucumber-core\2.4.0\cucumber-core-2.4.0.jar;C:\Users\Computer\.m2\reposit
Launcher Type: SUN_STANDARD

Environment Variables:
JAVA_HOME=C:\Program Files\Java\jdk1.8.0_221
PATH=C:/Program Files/Java/jre1.8.0_221/bin/server;C:/Program Files/Java/jre1.8.0_221/bin;C:/Program Files/Java/jre1.8.0_221/lib/amd64;C:\ProgramData\Oracle\Java\javapath;C:\windows\system32;C:\windows;C:\windows\System32\Wbem;C:\windows\System32\WindowsPowerShell\v1.0\;C:\Program Files\Java\jdk1.8.0_221\bin;C:\Users\Computer\AppData\Local\Microsoft\WindowsApps;;C:\windows\system32;
USERNAME=Computer
OS=Windows_NT
PROCESSOR_IDENTIFIER=Intel64 Family 6 Model 58 Stepping 9, GenuineIntel



---------------  S Y S T E M  ---------------

OS: Windows 10.0 , 64 bit Build 14393 (10.0.14393.2189)

CPU:total 4 (initial active 4) (2 cores per cpu, 2 threads per core) family 6 model 58 stepping 9, cmov, cx8, fxsr, mmx, sse, sse2, sse3, ssse3, sse4.1, sse4.2, popcnt, avx, aes, clmul, erms, ht, tsc, tscinvbit, tscinv

Memory: 4k page, physical 8258652k(4011168k free), swap 9569372k(4778492k free)

vm_info: Java HotSpot(TM) 64-Bit Server VM (25.221-b11) for windows-amd64 JRE (1.8.0_221-b11), built on Jul  4 2019 04:39:29 by "java_re" with MS VC++ 10.0 (VS2010)

time: Thu Aug 29 09:52:16 2019
timezone: Eastern Daylight Time
elapsed time: 677 seconds (0d 0h 11m 17s)

